[debug] [2019-02-12T00:20:31.603Z] ----------------------------------------------------------------------
[debug] [2019-02-12T00:20:31.607Z] Command:       C:\Program Files\nodejs\node.exe C:\Users\Administrator\AppData\Roaming\npm\node_modules\firebase-tools\lib\bin\firebase.js serve
[debug] [2019-02-12T00:20:31.608Z] CLI Version:   6.3.1
[debug] [2019-02-12T00:20:31.608Z] Platform:      win32
[debug] [2019-02-12T00:20:31.608Z] Node Version:  v10.15.1
[debug] [2019-02-12T00:20:31.610Z] Time:          Tue Feb 12 2019 09:20:31 GMT+0900 (GMT+09:00)
[debug] [2019-02-12T00:20:31.611Z] ----------------------------------------------------------------------
[debug] 
[debug] [2019-02-12T00:20:31.629Z] > command requires scopes: ["email","openid","https://www.googleapis.com/auth/cloudplatformprojects.readonly","https://www.googleapis.com/auth/firebase","https://www.googleapis.com/auth/cloud-platform"]
[debug] [2019-02-12T00:20:31.630Z] > authorizing via signed-in user
[debug] [2019-02-12T00:20:31.630Z] [iam] checking project booldook-gbook for permissions ["firebase.projects.get"]
[debug] [2019-02-12T00:20:31.634Z] >>> HTTP REQUEST POST https://cloudresourcemanager.googleapis.com/v1/projects/booldook-gbook:testIamPermissions  

[debug] [2019-02-12T00:20:32.913Z] <<< HTTP RESPONSE 200
[debug] [2019-02-12T00:20:32.919Z] >>> HTTP REQUEST GET https://cloudresourcemanager.googleapis.com/v1/projects/booldook-gbook  
 
[debug] [2019-02-12T00:20:34.108Z] <<< HTTP RESPONSE 200
[info] 
[info] === Serving from 'C:\booldook\gbook'...
[info] 
[debug] [2019-02-12T00:20:34.116Z] >>> HTTP REQUEST GET https://mobilesdk-pa.googleapis.com/v1/projects/572731860757/clients/_:getWebAppConfig  
 
[debug] [2019-02-12T00:20:35.118Z] <<< HTTP RESPONSE 200
[info] i  hosting: Serving hosting files from: public
[info] +  hosting: Local server: http://localhost:5000
